Fri May 12 10:43:11 CEST 2017 : Server di rete Apache Derby: 10.10.2.0 - (1582446) avviato e pronto ad accettare connessioni sulla porta 1527
----------------------------------------------------------------
Fri May 12 10:43:12 CEST 2017:
Avvio della versione di Derby The Apache Software Foundation - Apache Derby - 10.10.2.0 - (1582446): istanza a816c00e-015b-fbd3-7793-00007adf9dca
sulla directory di database /Users/Robi/Desktop/Amm/Progetto_AMM/Nerdbook/web/WEB-INF/db/ammdb con caricatore classi sun.misc.Launcher$AppClassLoader@6f94fa3e 
Caricato da file:/Applications/NetBeans/glassfish-4.1.1/javadb/lib/derby.jar
java.vendor=Oracle Corporation
java.runtime.version=1.8.0_92-b14
user.dir=/Applications/NetBeans/glassfish-4.1.1/javadb
os.name=Mac OS X
os.arch=x86_64
os.version=10.10.5
derby.system.home=/Users/Robi/Desktop/Amm/Progetto_AMM/Nerdbook/web/WEB-INF/db
Programma di caricamento classe database avviato - derby.database.classpath=''
----------------------------------------------------------------
Fri May 12 11:42:42 CEST 2017: arresto in corso del motore di Derby
----------------------------------------------------------------
Fri May 12 11:42:43 CEST 2017:
Arresto dell'istanza a816c00e-015b-fbd3-7793-00007adf9dca nella directory del database /Users/Robi/Desktop/Amm/Progetto_AMM/Nerdbook/web/WEB-INF/db/ammdb con il caricatore di classi sun.misc.Launcher$AppClassLoader@6f94fa3e 
----------------------------------------------------------------
